6828 decimal is 15254 octal!
He110 World
entering test_backtrace 5
entering test_backtrace 4
entering test_backtrace 3
entering test_backtrace 2
entering test_backtrace 1
entering test_backtrace 0
Stack backtrace: 
  ebp f010ff08  eip f0100124  args 00000000 00000000 00000000 00000000 f0100a6d
kern/init.c:19: test_backtrace+71
  ebp f010ff28  eip f0100106  args 00000000 00000001 f010ff68 00000000 f0100a6d
kern/init.c:16: test_backtrace+41
  ebp f010ff48  eip f0100106  args 00000001 00000002 f010ff88 00000000 f0100a6d
kern/init.c:16: test_backtrace+41
  ebp f010ff68  eip f0100106  args 00000002 00000003 f010ffa8 00000000 f0100a6d
kern/init.c:16: test_backtrace+41
  ebp f010ff88  eip f0100106  args 00000003 00000004 00000000 00000000 00000000
kern/init.c:16: test_backtrace+41
  ebp f010ffa8  eip f0100106  args 00000004 00000005 00000000 00010094 00010094
kern/init.c:16: test_backtrace+41
  ebp f010ffc8  eip f01001a9  args 00000005 0000e110 f010ffec 00000000 00000000
kern/init.c:50: i386_init+111
  ebp f010fff8  eip f010003d  args 00000000 00000000 0000ffff 10cf9a00 0000ffff
kern/entry.S:70: <unknown>+0
leaving test_backtrace 0
leaving test_backtrace 1
leaving test_backtrace 2
leaving test_backtrace 3
leaving test_backtrace 4
leaving test_backtrace 5
Welcome to the JOS kernel monitor!
Type 'help' for a list of commands.
